<?xml version="1.0" encoding="UTF-8"?>
<!-- Generated by org.testng.reporters.JUnitReportReporter -->
<testsuite name="com.uolet.casos.teste.ElementosPaginaIndex" tests="6" time="0.598" ignored="0" failures="0" timestamp="16 dez 2016 17:11:23 GMT" skipped="0" hostname="UOLET-53N2L" errors="0">
  <testcase name="verificandoButtonEntrarPresentePaginaIndex" time="0.101" classname="com.uolet.casos.teste.ElementosPaginaIndex"/>
  <testcase name="verificandoInputNomePresentePaginaIndex" time="0.132" classname="com.uolet.casos.teste.ElementosPaginaIndex"/>
  <testcase name="verificandoInputSiglaPresentePaginaIndex" time="0.093" classname="com.uolet.casos.teste.ElementosPaginaIndex"/>
  <testcase name="verificandoTituloPaginaLoginEstaCorreto" time="0.112" classname="com.uolet.casos.teste.ElementosPaginaIndex"/>
  <testcase name="verificandoLogoUoletEstaCorreto" time="0.051" classname="com.uolet.casos.teste.ElementosPaginaIndex"/>
  <testcase name="verificandoInputSenhaPresentePaginaIndex" time="0.109" classname="com.uolet.casos.teste.ElementosPaginaIndex"/>
</testsuite> <!-- com.uolet.casos.teste.ElementosPaginaIndex -->
