<?xml version="1.0" encoding="UTF-8"?>
<!-- Generated by org.testng.reporters.JUnitReportReporter -->
<testsuite name="com.uolet.casos.teste.EfetuandoLoginValido" tests="1" time="10.966" ignored="0" failures="0" timestamp="16 dez 2016 20:35:53 GMT" skipped="0" hostname="UOLET-53N2L" errors="0">
  <testcase name="entrandoPaginaEditor" time="10.966" classname="com.uolet.casos.teste.EfetuandoLoginValido"/>
</testsuite> <!-- com.uolet.casos.teste.EfetuandoLoginValido -->
