<?xml version="1.0" encoding="UTF-8"?>
<!-- Generated by org.testng.reporters.JUnitReportReporter -->
<testsuite name="com.uolet.casos.teste.EfetuandoLoginValido" tests="1" time="6.474" ignored="0" failures="0" timestamp="19 dez 2016 16:13:08 GMT" skipped="0" hostname="UOLET-53N2L" errors="0">
  <testcase name="entrandoPaginaEditorUsuarioValido" time="6.474" classname="com.uolet.casos.teste.EfetuandoLoginValido"/>
</testsuite> <!-- com.uolet.casos.teste.EfetuandoLoginValido -->
