<?xml version="1.0" encoding="UTF-8"?>
<!-- Generated by org.testng.reporters.JUnitReportReporter -->
<testsuite name="com.uolet.casos.teste.EfetuandoTentativasInvalidasLogin" tests="8" time="18.466" ignored="0" failures="0" timestamp="16 dez 2016 19:50:36 GMT" skipped="0" hostname="UOLET-53N2L" errors="0">
  <testcase name="tentandoLogarPreenchendoSomenteNome" time="2.232" classname="com.uolet.casos.teste.EfetuandoTentativasInvalidasLogin"/>
  <testcase name="tentandoLogarPreenchendoSomenteSenha" time="1.989" classname="com.uolet.casos.teste.EfetuandoTentativasInvalidasLogin"/>
  <testcase name="tentandoLogarPreenchendoSomenteNomeSenha" time="2.955" classname="com.uolet.casos.teste.EfetuandoTentativasInvalidasLogin"/>
  <testcase name="tentandoLogarPreenchendoSomenteNomeSigla" time="2.137" classname="com.uolet.casos.teste.EfetuandoTentativasInvalidasLogin"/>
  <testcase name="tentandoLogarPreenchendoSomenteSenhaSigla" time="1.980" classname="com.uolet.casos.teste.EfetuandoTentativasInvalidasLogin"/>
  <testcase name="tentandoLogarPreenchendoTodosCamposUsuarioInvalido" time="3.100" classname="com.uolet.casos.teste.EfetuandoTentativasInvalidasLogin"/>
  <testcase name="tentandoLogarSemPreecherNenhumCampo" time="2.006" classname="com.uolet.casos.teste.EfetuandoTentativasInvalidasLogin"/>
  <testcase name="tentandoLogarPreenchendoSomenteSigla" time="2.067" classname="com.uolet.casos.teste.EfetuandoTentativasInvalidasLogin"/>
</testsuite> <!-- com.uolet.casos.teste.EfetuandoTentativasInvalidasLogin -->
