<?xml version="1.0" encoding="UTF-8"?>
<!-- Generated by org.testng.reporters.JUnitReportReporter -->
<testsuite name="com.uolet.casos.teste.EfetuandoLoginValido" tests="1" time="5.437" ignored="0" failures="0" timestamp="20 dez 2016 14:01:34 GMT" skipped="0" hostname="UOLET-53N2L" errors="0">
  <testcase name="entrandoPaginaEditorUsuarioValido" time="5.437" classname="com.uolet.casos.teste.EfetuandoLoginValido"/>
</testsuite> <!-- com.uolet.casos.teste.EfetuandoLoginValido -->
