<?xml version="1.0" encoding="UTF-8"?>
<!-- Generated by org.testng.reporters.JUnitReportReporter -->
<testsuite name="com.uolet.casos.teste.TestesConsoleUolet" tests="1" time="0.062" ignored="0" failures="0" timestamp="16 dez 2016 16:15:44 GMT" skipped="0" hostname="UOLET-53N2L" errors="0">
  <testcase name="testandoTituloPaginaLogin" time="0.062" classname="com.uolet.casos.teste.TestesConsoleUolet"/>
</testsuite> <!-- com.uolet.casos.teste.TestesConsoleUolet -->
