<?xml version="1.0" encoding="UTF-8"?>
<!-- Generated by org.testng.reporters.JUnitReportReporter -->
<testsuite name="com.uolet.casos.teste.VerificandoElementosGraficosPaginaLogin" tests="6" time="0.493" ignored="0" failures="0" timestamp="16 dez 2016 18:24:20 GMT" skipped="0" hostname="UOLET-53N2L" errors="0">
  <testcase name="verificandoLogoUoletEstaCorreto" time="0.045" classname="com.uolet.casos.teste.VerificandoElementosGraficosPaginaLogin"/>
  <testcase name="verificandoInputSenhaPresentePaginaIndex" time="0.080" classname="com.uolet.casos.teste.VerificandoElementosGraficosPaginaLogin"/>
  <testcase name="verificandoTituloPaginaLoginEstaCorreto" time="0.056" classname="com.uolet.casos.teste.VerificandoElementosGraficosPaginaLogin"/>
  <testcase name="verificandoInputSiglaPresentePaginaIndex" time="0.084" classname="com.uolet.casos.teste.VerificandoElementosGraficosPaginaLogin"/>
  <testcase name="verificandoInputNomePresentePaginaIndex" time="0.127" classname="com.uolet.casos.teste.VerificandoElementosGraficosPaginaLogin"/>
  <testcase name="verificandoButtonEntrarPresentePaginaIndex" time="0.101" classname="com.uolet.casos.teste.VerificandoElementosGraficosPaginaLogin"/>
</testsuite> <!-- com.uolet.casos.teste.VerificandoElementosGraficosPaginaLogin -->
